{"C:\\Users\\paula\\OneDrive\\F5\\pruebaJest\\src\\arrays.js": {"path":"C:\\Users\\paula\\OneDrive\\F5\\pruebaJest\\src\\arrays.js","statementMap":{"0":{"start":{"line":2,"column":4},"end":{"line":7,"column":5}},"1":{"start":{"line":11,"column":4},"end":{"line":16,"column":5}},"2":{"start":{"line":19,"column":0},"end":{"line":19,"column":58}}},"fnMap":{"0":{"name":"carList","decl":{"start":{"line":1,"column":9},"end":{"line":1,"column":16}},"loc":{"start":{"line":1,"column":18},"end":{"line":8,"column":1}},"line":1},"1":{"name":"brandList","decl":{"start":{"line":10,"column":9},"end":{"line":10,"column":18}},"loc":{"start":{"line":10,"column":20},"end":{"line":17,"column":1}},"line":10}},"branchMap":{},"s":{"0":3,"1":1,"2":1},"f":{"0":3,"1":1},"b":{},"_coverageSchema":"1a1c01bbd47fc00a2c39e90264f33305004495a9","hash":"0264ecf3205c8b54a979e2081c3480f622e7d26c"}
,"C:\\Users\\paula\\OneDrive\\F5\\pruebaJest\\src\\suma.js": {"path":"C:\\Users\\paula\\OneDrive\\F5\\pruebaJest\\src\\suma.js","statementMap":{"0":{"start":{"line":13,"column":4},"end":{"line":13,"column":16}},"1":{"start":{"line":16,"column":0},"end":{"line":16,"column":21}}},"fnMap":{"0":{"name":"suma","decl":{"start":{"line":12,"column":9},"end":{"line":12,"column":13}},"loc":{"start":{"line":12,"column":19},"end":{"line":14,"column":1}},"line":12}},"branchMap":{},"s":{"0":2,"1":1},"f":{"0":2},"b":{},"_coverageSchema":"1a1c01bbd47fc00a2c39e90264f33305004495a9","hash":"1a414476d600d06a779e04c11c47ad4d6a328e3f"}
}
